Started GET "/" for 127.0.0.1 at 2017-06-07 11:17:33 -0400
Processing by Rails::WelcomeController#index as HTML
  Rendering /Users/actbluebackup3/.rvm/gems/ruby-2.3.1@global/gems/railties-5.1.1/lib/rails/templates/rails/welcome/index.html.erb
  Rendered /Users/actbluebackup3/.rvm/gems/ruby-2.3.1@global/gems/railties-5.1.1/lib/rails/templates/rails/welcome/index.html.erb (4.0ms)
Completed 200 OK in 386ms (Views: 41.8ms)


Started GET "/" for 127.0.0.1 at 2017-06-07 11:21:57 -0400
Processing by PagesController#home as HTML
  Rendering pages/home.html.erb within layouts/application
  Rendered pages/home.html.erb within layouts/application (1.2ms)
Completed 200 OK in 1253ms (Views: 861.7ms)


Started GET "/" for 127.0.0.1 at 2017-06-07 11:47:32 -0400
Processing by PagesController#home as HTML
  Rendering pages/home.html.erb within layouts/application
  Rendered pages/home.html.erb within layouts/application (1.6ms)
Completed 200 OK in 686ms (Views: 339.5ms)


Started GET "/pages" for 127.0.0.1 at 2017-06-07 11:47:34 -0400
  
ActionController::RoutingError (No route matches [GET] "/pages"):
  
actionpack (5.1.1) lib/action_dispatch/middleware/debug_exceptions.rb:63:in `call'
web-console (3.5.1) lib/web_console/middleware.rb:135:in `call_app'
web-console (3.5.1) lib/web_console/middleware.rb:28:in `block in call'
web-console (3.5.1) lib/web_console/middleware.rb:18:in `catch'
web-console (3.5.1) lib/web_console/middleware.rb:18:in `call'
actionpack (5.1.1) lib/action_dispatch/middleware/show_exceptions.rb:31:in `call'
railties (5.1.1) lib/rails/rack/logger.rb:36:in `call_app'
railties (5.1.1) lib/rails/rack/logger.rb:24:in `block in call'
activesupport (5.1.1) lib/active_support/tagged_logging.rb:69:in `block in tagged'
activesupport (5.1.1) lib/active_support/tagged_logging.rb:26:in `tagged'
activesupport (5.1.1) lib/active_support/tagged_logging.rb:69:in `tagged'
railties (5.1.1) lib/rails/rack/logger.rb:24:in `call'
sprockets-rails (3.2.0) lib/sprockets/rails/quiet_assets.rb:13:in `call'
actionpack (5.1.1) lib/action_dispatch/middleware/remote_ip.rb:79:in `call'
actionpack (5.1.1) lib/action_dispatch/middleware/request_id.rb:25:in `call'
rack (2.0.3) lib/rack/method_override.rb:22:in `call'
rack (2.0.3) lib/rack/runtime.rb:22:in `call'
activesupport (5.1.1) lib/active_support/cache/strategy/local_cache_middleware.rb:27:in `call'
actionpack (5.1.1) lib/action_dispatch/middleware/executor.rb:12:in `call'
actionpack (5.1.1) lib/action_dispatch/middleware/static.rb:125:in `call'
rack (2.0.3) lib/rack/sendfile.rb:111:in `call'
railties (5.1.1) lib/rails/engine.rb:522:in `call'
puma (3.9.1) lib/puma/configuration.rb:224:in `call'
puma (3.9.1) lib/puma/server.rb:602:in `handle_request'
puma (3.9.1) lib/puma/server.rb:435:in `process_client'
puma (3.9.1) lib/puma/server.rb:299:in `block in run'
puma (3.9.1) lib/puma/thread_pool.rb:120:in `block in spawn_thread'
Started GET "/" for 127.0.0.1 at 2017-06-07 11:47:37 -0400
Processing by PagesController#home as HTML
  Rendering pages/home.html.erb within layouts/application
  Rendered pages/home.html.erb within layouts/application (0.8ms)
Completed 200 OK in 21ms (Views: 18.9ms)


Started GET "/" for 127.0.0.1 at 2017-06-07 11:47:48 -0400
Processing by PagesController#home as HTML
  Rendering pages/home.html.erb within layouts/application
  Rendered pages/home.html.erb within layouts/application (0.6ms)
Completed 200 OK in 34ms (Views: 31.9ms)


Started GET "/pages/about" for 127.0.0.1 at 2017-06-07 11:47:50 -0400
  
ActionController::RoutingError (No route matches [GET] "/pages/about"):
  
actionpack (5.1.1) lib/action_dispatch/middleware/debug_exceptions.rb:63:in `call'
web-console (3.5.1) lib/web_console/middleware.rb:135:in `call_app'
web-console (3.5.1) lib/web_console/middleware.rb:28:in `block in call'
web-console (3.5.1) lib/web_console/middleware.rb:18:in `catch'
web-console (3.5.1) lib/web_console/middleware.rb:18:in `call'
actionpack (5.1.1) lib/action_dispatch/middleware/show_exceptions.rb:31:in `call'
railties (5.1.1) lib/rails/rack/logger.rb:36:in `call_app'
railties (5.1.1) lib/rails/rack/logger.rb:24:in `block in call'
activesupport (5.1.1) lib/active_support/tagged_logging.rb:69:in `block in tagged'
activesupport (5.1.1) lib/active_support/tagged_logging.rb:26:in `tagged'
activesupport (5.1.1) lib/active_support/tagged_logging.rb:69:in `tagged'
railties (5.1.1) lib/rails/rack/logger.rb:24:in `call'
sprockets-rails (3.2.0) lib/sprockets/rails/quiet_assets.rb:13:in `call'
actionpack (5.1.1) lib/action_dispatch/middleware/remote_ip.rb:79:in `call'
actionpack (5.1.1) lib/action_dispatch/middleware/request_id.rb:25:in `call'
rack (2.0.3) lib/rack/method_override.rb:22:in `call'
rack (2.0.3) lib/rack/runtime.rb:22:in `call'
activesupport (5.1.1) lib/active_support/cache/strategy/local_cache_middleware.rb:27:in `call'
actionpack (5.1.1) lib/action_dispatch/middleware/executor.rb:12:in `call'
actionpack (5.1.1) lib/action_dispatch/middleware/static.rb:125:in `call'
rack (2.0.3) lib/rack/sendfile.rb:111:in `call'
railties (5.1.1) lib/rails/engine.rb:522:in `call'
puma (3.9.1) lib/puma/configuration.rb:224:in `call'
puma (3.9.1) lib/puma/server.rb:602:in `handle_request'
puma (3.9.1) lib/puma/server.rb:435:in `process_client'
puma (3.9.1) lib/puma/server.rb:299:in `block in run'
puma (3.9.1) lib/puma/thread_pool.rb:120:in `block in spawn_thread'
Started GET "/" for 127.0.0.1 at 2017-06-07 11:47:52 -0400
Processing by PagesController#home as HTML
  Rendering pages/home.html.erb within layouts/application
  Rendered pages/home.html.erb within layouts/application (0.6ms)
Completed 200 OK in 29ms (Views: 27.3ms)


Started GET "/" for 127.0.0.1 at 2017-06-07 11:48:32 -0400
Processing by PagesController#home as HTML
  Rendering pages/home.html.erb within layouts/application
  Rendered pages/home.html.erb within layouts/application (0.9ms)
Completed 200 OK in 136ms (Views: 94.1ms)


Started GET "/about" for 127.0.0.1 at 2017-06-07 11:48:35 -0400
Processing by PagesController#about as HTML
  Rendering pages/about.html.erb within layouts/application
  Rendered pages/about.html.erb within layouts/application (0.7ms)
Completed 200 OK in 34ms (Views: 30.6ms)


Started GET "/" for 127.0.0.1 at 2017-06-07 12:07:51 -0400
Processing by PagesController#home as HTML
  Rendering pages/home.html.erb within layouts/application
  Rendered pages/home.html.erb within layouts/application (1.5ms)
Completed 500 Internal Server Error in 334ms


  
SyntaxError (/Users/actbluebackup3/Documents/workspace/pinteresting/app/views/layouts/application.html.erb:13: unknown regexp options - abt
unmatched close parenthesis: /home );@output_buffer.safe_append=' 
'.freeze;@output_buffer.safe_append='    '.freeze;@output_buffer.append=( link_to "About", /):
  
app/views/layouts/application.html.erb:13: unknown regexp options - abt
Started GET "/" for 127.0.0.1 at 2017-06-07 12:13:57 -0400
Processing by PagesController#home as HTML
  Rendering pages/home.html.erb within layouts/application
  Rendered pages/home.html.erb within layouts/application (0.9ms)
Completed 500 Internal Server Error in 8ms


  
SyntaxError (/Users/actbluebackup3/Documents/workspace/pinteresting/app/views/layouts/application.html.erb:13: unknown regexp options - pag
unmatched close parenthesis: /home );@output_buffer.safe_append=' 
'.freeze;@output_buffer.safe_append='    '.freeze;@output_buffer.append=( link_to "About", /):
  
app/views/layouts/application.html.erb:13: unknown regexp options - pag
Started GET "/" for 127.0.0.1 at 2017-06-07 13:04:08 -0400
Processing by PagesController#home as HTML
  Rendering pages/home.html.erb within layouts/application
  Rendered pages/home.html.erb within layouts/application (0.6ms)
Completed 500 Internal Server Error in 7ms


  
SyntaxError (/Users/actbluebackup3/Documents/workspace/pinteresting/app/views/layouts/application.html.erb:13: unknown regexp options - abt
unmatched close parenthesis: /home );@output_buffer.safe_append=' 
'.freeze;@output_buffer.safe_append='    '.freeze;@output_buffer.append=( link_to "About", pages/):
  
app/views/layouts/application.html.erb:13: unknown regexp options - abt
Started GET "/" for 127.0.0.1 at 2017-06-07 13:04:18 -0400
Processing by PagesController#home as HTML
  Rendering pages/home.html.erb within layouts/application
  Rendered pages/home.html.erb within layouts/application (0.4ms)
Completed 500 Internal Server Error in 8ms


  
SyntaxError (/Users/actbluebackup3/Documents/workspace/pinteresting/app/views/layouts/application.html.erb:15: unknown regexp options - bdy
unmatched close parenthesis: /home );@output_buffer.safe_append=' 
'.freeze;@output_buffer.safe_append='    '.freeze;@output_buffer.append=( link_to "About", #about );@output_buffer.safe_append='
    '.freeze;@output_buffer.append=( yield );@output_buffer.safe_append='
  </
/Users/actbluebackup3/Documents/workspace/pinteresting/app/views/layouts/application.html.erb:16: syntax error, unexpected '<'
</html>
 ^
/Users/actbluebackup3/Documents/workspace/pinteresting/app/views/layouts/application.html.erb:16: unterminated regexp meets end of file):
  
app/views/layouts/application.html.erb:15: unknown regexp options - bdy
app/views/layouts/application.html.erb:16: syntax error, unexpected '<'
app/views/layouts/application.html.erb:16: unterminated regexp meets end of file
Started GET "/" for 127.0.0.1 at 2017-06-07 13:04:43 -0400
Processing by PagesController#home as HTML
  Rendering pages/home.html.erb within layouts/application
  Rendered pages/home.html.erb within layouts/application (0.4ms)
Completed 500 Internal Server Error in 6ms


  
SyntaxError (/Users/actbluebackup3/Documents/workspace/pinteresting/app/views/layouts/application.html.erb:15: unknown regexp options - bdy
unmatched close parenthesis: /home );@output_buffer.safe_append=' 
'.freeze;@output_buffer.safe_append='    '.freeze;@output_buffer.append=( link_to "About", pages#about );@output_buffer.safe_append='
    '.freeze;@output_buffer.append=( yield );@output_buffer.safe_append='
  </
/Users/actbluebackup3/Documents/workspace/pinteresting/app/views/layouts/application.html.erb:16: syntax error, unexpected '<'
</html>
 ^
/Users/actbluebackup3/Documents/workspace/pinteresting/app/views/layouts/application.html.erb:16: unterminated regexp meets end of file):
  
app/views/layouts/application.html.erb:15: unknown regexp options - bdy
app/views/layouts/application.html.erb:16: syntax error, unexpected '<'
app/views/layouts/application.html.erb:16: unterminated regexp meets end of file
Started GET "/" for 127.0.0.1 at 2017-06-07 13:05:07 -0400
Processing by PagesController#home as HTML
  Rendering pages/home.html.erb within layouts/application
  Rendered pages/home.html.erb within layouts/application (0.5ms)
Completed 500 Internal Server Error in 7ms


  
SyntaxError (/Users/actbluebackup3/Documents/workspace/pinteresting/app/views/layouts/application.html.erb:13: unknown regexp options - abt
unmatched close parenthesis: /home );@output_buffer.safe_append=' 
'.freeze;@output_buffer.safe_append='    '.freeze;@output_buffer.append=( link_to "About", /):
  
app/views/layouts/application.html.erb:13: unknown regexp options - abt
Started GET "/" for 127.0.0.1 at 2017-06-07 13:05:14 -0400
Processing by PagesController#home as HTML
  Rendering pages/home.html.erb within layouts/application
  Rendered pages/home.html.erb within layouts/application (0.6ms)
Completed 500 Internal Server Error in 8ms


  
SyntaxError (/Users/actbluebackup3/Documents/workspace/pinteresting/app/views/layouts/application.html.erb:15: unknown regexp options - bdy
unmatched close parenthesis: /home );@output_buffer.safe_append=' 
'.freeze;@output_buffer.safe_append='    '.freeze;@output_buffer.append=( link_to "About", about );@output_buffer.safe_append='
    '.freeze;@output_buffer.append=( yield );@output_buffer.safe_append='
  </
/Users/actbluebackup3/Documents/workspace/pinteresting/app/views/layouts/application.html.erb:16: syntax error, unexpected '<'
</html>
 ^
/Users/actbluebackup3/Documents/workspace/pinteresting/app/views/layouts/application.html.erb:16: unterminated regexp meets end of file):
  
app/views/layouts/application.html.erb:15: unknown regexp options - bdy
app/views/layouts/application.html.erb:16: syntax error, unexpected '<'
app/views/layouts/application.html.erb:16: unterminated regexp meets end of file
Started GET "/" for 127.0.0.1 at 2017-06-07 13:05:37 -0400
Processing by PagesController#home as HTML
  Rendering pages/home.html.erb within layouts/application
  Rendered pages/home.html.erb within layouts/application (0.4ms)
Completed 500 Internal Server Error in 7ms


  
SyntaxError (/Users/actbluebackup3/Documents/workspace/pinteresting/app/views/layouts/application.html.erb:13: unknown regexp options - abt
unmatched close parenthesis: /home );@output_buffer.safe_append=' 
'.freeze;@output_buffer.safe_append='    '.freeze;@output_buffer.append=( link_to "About", ../):
  
app/views/layouts/application.html.erb:13: unknown regexp options - abt
Started GET "/" for 127.0.0.1 at 2017-06-07 13:07:24 -0400
Processing by PagesController#home as HTML
  Rendering pages/home.html.erb within layouts/application
  Rendered pages/home.html.erb within layouts/application (0.4ms)
Completed 500 Internal Server Error in 7ms


  
SyntaxError (/Users/actbluebackup3/Documents/workspace/pinteresting/app/views/layouts/application.html.erb:13: unknown regexp options - vw
unmatched close parenthesis: /home );@output_buffer.safe_append=' 
'.freeze;@output_buffer.safe_append='    '.freeze;@output_buffer.append=( link_to "About", /i):
  
app/views/layouts/application.html.erb:13: unknown regexp options - vw
Started GET "/" for 127.0.0.1 at 2017-06-07 13:07:44 -0400
Processing by PagesController#home as HTML
  Rendering pages/home.html.erb within layouts/application
  Rendered pages/home.html.erb within layouts/application (0.4ms)
Completed 500 Internal Server Error in 7ms


  
SyntaxError (/Users/actbluebackup3/Documents/workspace/pinteresting/app/views/layouts/application.html.erb:12: unknown regexp options - pag
/Users/actbluebackup3/Documents/workspace/pinteresting/app/views/layouts/application.html.erb:13: unknown regexp options - pag):
  
app/views/layouts/application.html.erb:12: unknown regexp options - pag
app/views/layouts/application.html.erb:13: unknown regexp options - pag
Started GET "/" for 127.0.0.1 at 2017-06-07 13:07:54 -0400
Processing by PagesController#home as HTML
  Rendering pages/home.html.erb within layouts/application
  Rendered pages/home.html.erb within layouts/application (0.6ms)
Completed 500 Internal Server Error in 7ms


  
SyntaxError (/Users/actbluebackup3/Documents/workspace/pinteresting/app/views/layouts/application.html.erb:13: unknown regexp options - vw
unmatched close parenthesis: /home );@output_buffer.safe_append=' 
'.freeze;@output_buffer.safe_append='    '.freeze;@output_buffer.append=( link_to "About", /i):
  
app/views/layouts/application.html.erb:13: unknown regexp options - vw
Started GET "/" for 127.0.0.1 at 2017-06-07 13:08:00 -0400
Processing by PagesController#home as HTML
  Rendering pages/home.html.erb within layouts/application
  Rendered pages/home.html.erb within layouts/application (0.5ms)
Completed 500 Internal Server Error in 7ms


  
SyntaxError (/Users/actbluebackup3/Documents/workspace/pinteresting/app/views/layouts/application.html.erb:13: unknown regexp options - pag
unmatched close parenthesis: /home );@output_buffer.safe_append=' 
'.freeze;@output_buffer.safe_append='    '.freeze;@output_buffer.append=( link_to "About", views/):
  
app/views/layouts/application.html.erb:13: unknown regexp options - pag
Started GET "/" for 127.0.0.1 at 2017-06-07 13:08:08 -0400
Processing by PagesController#home as HTML
  Rendering pages/home.html.erb within layouts/application
  Rendered pages/home.html.erb within layouts/application (0.7ms)
Completed 500 Internal Server Error in 8ms


  
SyntaxError (/Users/actbluebackup3/Documents/workspace/pinteresting/app/views/layouts/application.html.erb:13: unknown regexp options - pag
unmatched close parenthesis: /home );@output_buffer.safe_append=' 
'.freeze;@output_buffer.safe_append='    '.freeze;@output_buffer.append=( link_to "About", /):
  
app/views/layouts/application.html.erb:13: unknown regexp options - pag
Started GET "/" for 127.0.0.1 at 2017-06-07 13:08:14 -0400
Processing by PagesController#home as HTML
  Rendering pages/home.html.erb within layouts/application
  Rendered pages/home.html.erb within layouts/application (0.5ms)
Completed 500 Internal Server Error in 8ms


  
SyntaxError (/Users/actbluebackup3/Documents/workspace/pinteresting/app/views/layouts/application.html.erb:13: unknown regexp options - pag
unmatched close parenthesis: /home );@output_buffer.safe_append=' 
'.freeze;@output_buffer.safe_append='    '.freeze;@output_buffer.append=( link_to "About", ../):
  
app/views/layouts/application.html.erb:13: unknown regexp options - pag
Started GET "/" for 127.0.0.1 at 2017-06-07 13:08:25 -0400
Processing by PagesController#home as HTML
  Rendering pages/home.html.erb within layouts/application
  Rendered pages/home.html.erb within layouts/application (0.6ms)
Completed 500 Internal Server Error in 8ms


  
SyntaxError (/Users/actbluebackup3/Documents/workspace/pinteresting/app/views/layouts/application.html.erb:15: unknown regexp options - bdy
unmatched close parenthesis: /home );@output_buffer.safe_append=' 
'.freeze;@output_buffer.safe_append='
    '.freeze;@output_buffer.append=( yield );@output_buffer.safe_append='
  </
/Users/actbluebackup3/Documents/workspace/pinteresting/app/views/layouts/application.html.erb:16: syntax error, unexpected '<'
</html>
 ^
/Users/actbluebackup3/Documents/workspace/pinteresting/app/views/layouts/application.html.erb:16: unterminated regexp meets end of file):
  
app/views/layouts/application.html.erb:15: unknown regexp options - bdy
app/views/layouts/application.html.erb:16: syntax error, unexpected '<'
app/views/layouts/application.html.erb:16: unterminated regexp meets end of file
Started GET "/" for 127.0.0.1 at 2017-06-07 13:08:40 -0400
Processing by PagesController#home as HTML
  Rendering pages/home.html.erb within layouts/application
  Rendered pages/home.html.erb within layouts/application (0.5ms)
Completed 200 OK in 4763ms (Views: 4760.2ms)


Started GET "/about" for 127.0.0.1 at 2017-06-07 13:08:50 -0400
Processing by PagesController#about as HTML
  Rendering pages/about.html.erb within layouts/application
  Rendered pages/about.html.erb within layouts/application (0.7ms)
Completed 200 OK in 51ms (Views: 30.7ms)


Started GET "/" for 127.0.0.1 at 2017-06-07 13:10:44 -0400
Processing by PagesController#home as HTML
  Rendering pages/home.html.erb within layouts/application
  Rendered pages/home.html.erb within layouts/application (0.7ms)
Completed 500 Internal Server Error in 414ms


  
ActionView::Template::Error (undefined local variable or method `home_path' for #<#<Class:0x007fa0e3dc1820>:0x007fa0e7d758b8>):
     9:   </head>
    10: 
    11:   <body>
    12:      <%= link_to "Home", home_path %> 
    13:      <%= link_to "Home", about_path %> 
    14:      
    15: 
  
app/views/layouts/application.html.erb:12:in `_app_views_layouts_application_html_erb___1992106478257817897_70164530538820'
Started GET "/" for 127.0.0.1 at 2017-06-07 13:12:37 -0400
Processing by PagesController#home as HTML
  Rendering pages/home.html.erb within layouts/application
  Rendered pages/home.html.erb within layouts/application (0.4ms)
Completed 200 OK in 25ms (Views: 23.0ms)


Started GET "/" for 127.0.0.1 at 2017-06-07 13:12:40 -0400
Processing by PagesController#home as HTML
  Rendering pages/home.html.erb within layouts/application
  Rendered pages/home.html.erb within layouts/application (1.1ms)
Completed 200 OK in 46ms (Views: 42.6ms)


Started GET "/about" for 127.0.0.1 at 2017-06-07 13:12:42 -0400
Processing by PagesController#about as HTML
  Rendering pages/about.html.erb within layouts/application
  Rendered pages/about.html.erb within layouts/application (0.8ms)
Completed 200 OK in 42ms (Views: 38.3ms)


Started GET "/" for 127.0.0.1 at 2017-06-07 13:13:12 -0400
Processing by PagesController#home as HTML
  Rendering pages/home.html.erb within layouts/application
  Rendered pages/home.html.erb within layouts/application (0.4ms)
Completed 200 OK in 32ms (Views: 30.3ms)


Started GET "/" for 127.0.0.1 at 2017-06-07 13:25:54 -0400
Processing by PagesController#home as HTML
  Rendering pages/home.html.erb within layouts/application
  Rendered pages/home.html.erb within layouts/application (7.3ms)
  Rendered layouts/_header.html.erb (2.3ms) [cache miss]
Completed 200 OK in 196ms (Views: 187.1ms)


Started GET "/" for 127.0.0.1 at 2017-06-07 13:25:57 -0400
Processing by PagesController#home as HTML
  Rendering pages/home.html.erb within layouts/application
  Rendered pages/home.html.erb within layouts/application (0.5ms)
  Rendered layouts/_header.html.erb (0.9ms) [cache miss]
Completed 200 OK in 88ms (Views: 83.4ms)


Started GET "/about" for 127.0.0.1 at 2017-06-07 13:26:15 -0400
Processing by PagesController#about as HTML
  Rendering pages/about.html.erb within layouts/application
  Rendered pages/about.html.erb within layouts/application (0.5ms)
  Rendered layouts/_header.html.erb (0.9ms) [cache miss]
Completed 200 OK in 59ms (Views: 56.5ms)


Started GET "/" for 127.0.0.1 at 2017-06-07 13:26:17 -0400
Processing by PagesController#home as HTML
  Rendering pages/home.html.erb within layouts/application
  Rendered pages/home.html.erb within layouts/application (0.6ms)
  Rendered layouts/_header.html.erb (0.7ms) [cache miss]
Completed 200 OK in 51ms (Views: 48.2ms)


Started GET "/" for 127.0.0.1 at 2017-06-07 13:27:22 -0400
Processing by PagesController#home as HTML
  Rendering pages/home.html.erb within layouts/application
  Rendered pages/home.html.erb within layouts/application (0.5ms)
Completed 500 Internal Server Error in 171ms


  
ActionView::Template::Error (couldn't find file 'jquery' with type 'application/javascript'
Checked in these paths: 
  /Users/actbluebackup3/Documents/workspace/pinteresting/app/assets/config
  /Users/actbluebackup3/Documents/workspace/pinteresting/app/assets/images
  /Users/actbluebackup3/Documents/workspace/pinteresting/app/assets/javascripts
  /Users/actbluebackup3/Documents/workspace/pinteresting/app/assets/stylesheets
  /Users/actbluebackup3/.rvm/gems/ruby-2.3.1/gems/coffee-rails-4.2.2/lib/assets/javascripts
  /Users/actbluebackup3/.rvm/rubies/ruby-2.3.1/lib/ruby/gems/2.3.0/gems/actioncable-5.1.1/lib/assets/compiled
  /Users/actbluebackup3/.rvm/rubies/ruby-2.3.1/lib/ruby/gems/2.3.0/gems/actionview-5.1.1/lib/assets/compiled
  /Users/actbluebackup3/.rvm/gems/ruby-2.3.1/gems/turbolinks-source-5.0.3/lib/assets/javascripts
  /Users/actbluebackup3/Documents/workspace/pinteresting/node_modules
  /Users/actbluebackup3/.rvm/gems/ruby-2.3.1/gems/bootstrap-sass-3.3.7/assets/stylesheets
  /Users/actbluebackup3/.rvm/gems/ruby-2.3.1/gems/bootstrap-sass-3.3.7/assets/javascripts
  /Users/actbluebackup3/.rvm/gems/ruby-2.3.1/gems/bootstrap-sass-3.3.7/assets/fonts
  /Users/actbluebackup3/.rvm/gems/ruby-2.3.1/gems/bootstrap-sass-3.3.7/assets/images):
     5:     <%= csrf_meta_tags %>
     6: 
     7:     <%= stylesheet_link_tag    'application', media: 'all', 'data-turbolinks-track': 'reload' %>
     8:     <%= javascript_include_tag 'application', 'data-turbolinks-track': 'reload' %>
     9:   </head>
    10: 
    11:   <body>
  
app/assets/javascripts/application.js:18
app/views/layouts/application.html.erb:8:in `_app_views_layouts_application_html_erb___1992106478257817897_70164528971500'
Started GET "/" for 127.0.0.1 at 2017-06-07 13:34:26 -0400
Processing by PagesController#home as HTML
  Rendering pages/home.html.erb within layouts/application
  Rendered pages/home.html.erb within layouts/application (1.5ms)
Completed 500 Internal Server Error in 726ms


  
ActionView::Template::Error (couldn't find file 'jquery' with type 'application/javascript'
Checked in these paths: 
  /Users/actbluebackup3/Documents/workspace/pinteresting/app/assets/config
  /Users/actbluebackup3/Documents/workspace/pinteresting/app/assets/images
  /Users/actbluebackup3/Documents/workspace/pinteresting/app/assets/javascripts
  /Users/actbluebackup3/Documents/workspace/pinteresting/app/assets/stylesheets
  /Users/actbluebackup3/.rvm/gems/ruby-2.3.1/gems/coffee-rails-4.2.2/lib/assets/javascripts
  /Users/actbluebackup3/.rvm/rubies/ruby-2.3.1/lib/ruby/gems/2.3.0/gems/actioncable-5.1.1/lib/assets/compiled
  /Users/actbluebackup3/.rvm/rubies/ruby-2.3.1/lib/ruby/gems/2.3.0/gems/actionview-5.1.1/lib/assets/compiled
  /Users/actbluebackup3/.rvm/gems/ruby-2.3.1/gems/turbolinks-source-5.0.3/lib/assets/javascripts
  /Users/actbluebackup3/Documents/workspace/pinteresting/node_modules
  /Users/actbluebackup3/.rvm/gems/ruby-2.3.1/gems/bootstrap-sass-3.3.7/assets/stylesheets
  /Users/actbluebackup3/.rvm/gems/ruby-2.3.1/gems/bootstrap-sass-3.3.7/assets/javascripts
  /Users/actbluebackup3/.rvm/gems/ruby-2.3.1/gems/bootstrap-sass-3.3.7/assets/fonts
  /Users/actbluebackup3/.rvm/gems/ruby-2.3.1/gems/bootstrap-sass-3.3.7/assets/images):
    4:     <title>Pinteresting</title>
    5:     <%= csrf_meta_tags %>
    6: 
    7:     <%= stylesheet_link_tag    'application', media: 'all', 'data-turbolinks-track': 'reload' %>
    8:     <%= javascript_include_tag 'application', 'data-turbolinks-track': 'reload' %>
    9:   </head>
   10: 
  
app/assets/javascripts/application.js:13
app/views/layouts/application.html.erb:7:in `_app_views_layouts_application_html_erb__1929152004507985574_70108179933340'
Started GET "/" for 127.0.0.1 at 2017-06-07 14:55:59 -0400
Processing by PagesController#home as HTML
  Rendering pages/home.html.erb within layouts/application
  Rendered pages/home.html.erb within layouts/application (1.6ms)
  Rendered layouts/_header.html.erb (1.0ms) [cache miss]
Completed 200 OK in 631ms (Views: 454.7ms)


Started GET "/" for 127.0.0.1 at 2017-06-07 15:07:03 -0400
Processing by PagesController#home as HTML
  Rendering pages/home.html.erb within layouts/application
  Rendered pages/home.html.erb within layouts/application (1.1ms)
  Rendered layouts/_header.html.erb (0.6ms) [cache miss]
Completed 200 OK in 110ms (Views: 108.4ms)


Started GET "/" for 127.0.0.1 at 2017-06-07 15:10:11 -0400
Processing by PagesController#home as HTML
  Rendering pages/home.html.erb within layouts/application
  Rendered pages/home.html.erb within layouts/application (0.5ms)
  Rendered layouts/_header.html.erb (0.6ms) [cache miss]
Completed 200 OK in 114ms (Views: 110.9ms)


Started GET "/" for 127.0.0.1 at 2017-06-07 15:10:48 -0400
Processing by PagesController#home as HTML
  Rendering pages/home.html.erb within layouts/application
  Rendered pages/home.html.erb within layouts/application (0.6ms)
  Rendered layouts/_header.html.erb (0.7ms) [cache miss]
Completed 200 OK in 24ms (Views: 22.2ms)


Started GET "/" for 127.0.0.1 at 2017-06-07 15:11:00 -0400
Processing by PagesController#home as HTML
  Rendering pages/home.html.erb within layouts/application
  Rendered pages/home.html.erb within layouts/application (0.8ms)
  Rendered layouts/_header.html.erb (0.7ms) [cache miss]
Completed 200 OK in 27ms (Views: 24.9ms)


